This file contains any messages produced by compilers while
running configure, to aid debugging if configure makes a mistake.

It was created by configure, which was
generated by GNU Autoconf 2.61.  Invocation command line was

  $ ./configure --enable-maintainer-mode

## --------- ##
## Platform. ##
## --------- ##

hostname = mars
uname -m = i686
uname -r = 2.6.24-24-generic
uname -s = Linux
uname -v = #1 SMP Fri Sep 18 16:49:39 UTC 2009

/usr/bin/uname -p = unknown
/bin/uname -X     = unknown

/bin/arch              = unknown
/usr/bin/arch -k       = unknown
/usr/convex/getsysinfo = unknown
/usr/bin/hostinfo      = unknown
/bin/machine           = unknown
/usr/bin/oslevel       = unknown
/bin/universe          = unknown

PATH: /home/bernd/bin
PATH: /usr/local/sbin
PATH: /usr/local/bin
PATH: /usr/sbin
PATH: /usr/bin
PATH: /sbin
PATH: /bin
PATH: /usr/bin/X11
PATH: /usr/games


## ----------- ##
## Core tests. ##
## ----------- ##

configure:1795: checking for a BSD-compatible install
configure:1851: result: /usr/bin/install -c
configure:1862: checking whether build environment is sane
configure:1905: result: yes
configure:1920: checking whether make sets $(MAKE)
configure:1941: result: yes
configure:1973: checking for working aclocal-1.4
configure:1980: result: found
configure:1988: checking for working autoconf
configure:1995: result: found
configure:2003: checking for working automake-1.4
configure:2010: result: found
configure:2018: checking for working autoheader
configure:2025: result: found
configure:2033: checking for working makeinfo
configure:2044: result: missing
configure:2049: checking whether to enable maintainer-specific portions of Makefiles
configure:2058: result: yes
configure:2126: checking for gcc
configure:2142: found /usr/bin/gcc
configure:2153: result: gcc
configure:2391: checking for C compiler version
configure:2398: gcc --version >&5
gcc (GCC) 4.2.4 (Ubuntu 4.2.4-1ubuntu4)
Copyright (C) 2007 Free Software Foundation, Inc.
This is free software; see the source for copying conditions.  There is NO
warranty; not even for MERCHANTABILITY or FITNESS FOR A PARTICULAR PURPOSE.

configure:2401: $? = 0
configure:2408: gcc -v >&5
Using built-in specs.
Target: i486-linux-gnu
Configured with: ../src/configure -v --enable-languages=c,c++,fortran,objc,obj-c++,treelang --prefix=/usr --enable-shared --with-system-zlib --libexecdir=/usr/lib --without-included-gettext --enable-threads=posix --enable-nls --with-gxx-include-dir=/usr/include/c++/4.2 --program-suffix=-4.2 --enable-clocale=gnu --enable-libstdcxx-debug --enable-objc-gc --enable-mpfr --enable-targets=all --enable-checking=release --build=i486-linux-gnu --host=i486-linux-gnu --target=i486-linux-gnu
Thread model: posix
gcc version 4.2.4 (Ubuntu 4.2.4-1ubuntu4)
configure:2411: $? = 0
configure:2418: gcc -V >&5
gcc: '-V' option must have argument
configure:2421: $? = 1
configure:2444: checking for C compiler default output file name
configure:2471: gcc    conftest.c  >&5
configure:2474: $? = 0
configure:2512: result: a.out
configure:2529: checking whether the C compiler works
configure:2539: ./a.out
configure:2542: $? = 0
configure:2559: result: yes
configure:2566: checking whether we are cross compiling
configure:2568: result: no
configure:2571: checking for suffix of executables
configure:2578: gcc -o conftest    conftest.c  >&5
configure:2581: $? = 0
configure:2605: result: 
configure:2611: checking for suffix of object files
configure:2637: gcc -c   conftest.c >&5
configure:2640: $? = 0
configure:2663: result: o
configure:2667: checking whether we are using the GNU C compiler
configure:2696: gcc -c   conftest.c >&5
configure:2702: $? = 0
configure:2719: result: yes
configure:2724: checking whether gcc accepts -g
configure:2754: gcc -c -g  conftest.c >&5
configure:2760: $? = 0
configure:2859: result: yes
configure:2876: checking for gcc option to accept ISO C89
configure:2950: gcc  -c -g -O2  conftest.c >&5
configure:2956: $? = 0
configure:2979: result: none needed
configure:2998: checking for library containing strerror
configure:3039: gcc -o conftest -g -O2   conftest.c  >&5
configure:3045: $? = 0
configure:3073: result: none required
configure:3129: checking for gcc
configure:3156: result: gcc
configure:3394: checking for C compiler version
configure:3401: gcc --version >&5
gcc (GCC) 4.2.4 (Ubuntu 4.2.4-1ubuntu4)
Copyright (C) 2007 Free Software Foundation, Inc.
This is free software; see the source for copying conditions.  There is NO
warranty; not even for MERCHANTABILITY or FITNESS FOR A PARTICULAR PURPOSE.

configure:3404: $? = 0
configure:3411: gcc -v >&5
Using built-in specs.
Target: i486-linux-gnu
Configured with: ../src/configure -v --enable-languages=c,c++,fortran,objc,obj-c++,treelang --prefix=/usr --enable-shared --with-system-zlib --libexecdir=/usr/lib --without-included-gettext --enable-threads=posix --enable-nls --with-gxx-include-dir=/usr/include/c++/4.2 --program-suffix=-4.2 --enable-clocale=gnu --enable-libstdcxx-debug --enable-objc-gc --enable-mpfr --enable-targets=all --enable-checking=release --build=i486-linux-gnu --host=i486-linux-gnu --target=i486-linux-gnu
Thread model: posix
gcc version 4.2.4 (Ubuntu 4.2.4-1ubuntu4)
configure:3414: $? = 0
configure:3421: gcc -V >&5
gcc: '-V' option must have argument
configure:3424: $? = 1
configure:3427: checking whether we are using the GNU C compiler
configure:3479: result: yes
configure:3484: checking whether gcc accepts -g
configure:3619: result: yes
configure:3636: checking for gcc option to accept ISO C89
configure:3739: result: none needed
configure:3760: checking for gcc option to accept ANSI C
configure:3827: gcc  -c -g -O2  conftest.c >&5
configure:3833: $? = 0
configure:3853: result: none needed
configure:3869: checking how to run the C preprocessor
configure:3909: gcc -E  conftest.c
configure:3915: $? = 0
configure:3946: gcc -E  conftest.c
conftest.c:10:28: error: ac_nonexistent.h: No such file or directory
configure:3952: $? = 1
configure: failed program was:
| /* confdefs.h.  */
| #define PACKAGE_NAME ""
| #define PACKAGE_TARNAME ""
| #define PACKAGE_VERSION ""
| #define PACKAGE_STRING ""
| #define PACKAGE_BUGREPORT ""
| #define PACKAGE "ZMzettelkasten"
| #define VERSION "0.1"
| /* end confdefs.h.  */
| #include <ac_nonexistent.h>
configure:3985: result: gcc -E
configure:4014: gcc -E  conftest.c
configure:4020: $? = 0
configure:4051: gcc -E  conftest.c
conftest.c:10:28: error: ac_nonexistent.h: No such file or directory
configure:4057: $? = 1
configure: failed program was:
| /* confdefs.h.  */
| #define PACKAGE_NAME ""
| #define PACKAGE_TARNAME ""
| #define PACKAGE_VERSION ""
| #define PACKAGE_STRING ""
| #define PACKAGE_BUGREPORT ""
| #define PACKAGE "ZMzettelkasten"
| #define VERSION "0.1"
| /* end confdefs.h.  */
| #include <ac_nonexistent.h>
configure:4095: checking for grep that handles long lines and -e
configure:4169: result: /bin/grep
configure:4174: checking for egrep
configure:4252: result: /bin/grep -E
configure:4257: checking for ANSI C header files
configure:4287: gcc -c -g -O2  conftest.c >&5
configure:4293: $? = 0
configure:4392: gcc -o conftest -g -O2   conftest.c  >&5
configure:4395: $? = 0
configure:4401: ./conftest
configure:4404: $? = 0
configure:4421: result: yes
configure:4482: checking for pkg-config
configure:4500: found /usr/bin/pkg-config
configure:4512: result: /usr/bin/pkg-config
configure:4541: checking pkg-config is at least version 0.9.0
configure:4544: result: yes
configure:4555: checking for PACKAGE
configure:4563: $PKG_CONFIG --exists --print-errors "$pkg_modules"
configure:4566: $? = 0
configure:4581: $PKG_CONFIG --exists --print-errors "$pkg_modules"
configure:4584: $? = 0
configure:4660: result: yes
configure:4678: checking for intltool >= 0.26
configure:4685: result: 0.37.1 found
configure:4736: checking for xgettext
configure:4754: found /usr/bin/xgettext
configure:4766: result: /usr/bin/xgettext
configure:4776: checking for msgmerge
configure:4794: found /usr/bin/msgmerge
configure:4806: result: /usr/bin/msgmerge
configure:4816: checking for msgfmt
configure:4834: found /usr/bin/msgfmt
configure:4846: result: /usr/bin/msgfmt
configure:4878: checking for perl
configure:4896: found /usr/bin/perl
configure:4908: result: /usr/bin/perl
configure:4927: checking for XML::Parser
configure:4930: result: ok
configure:4967: gcc -o conftest -g -O2   conftest.c  >&5
configure:4973: $? = 0
configure:5116: checking for sys/types.h
configure:5137: gcc -c -g -O2  conftest.c >&5
configure:5143: $? = 0
configure:5159: result: yes
configure:5116: checking for sys/stat.h
configure:5137: gcc -c -g -O2  conftest.c >&5
configure:5143: $? = 0
configure:5159: result: yes
configure:5116: checking for stdlib.h
configure:5137: gcc -c -g -O2  conftest.c >&5
configure:5143: $? = 0
configure:5159: result: yes
configure:5116: checking for string.h
configure:5137: gcc -c -g -O2  conftest.c >&5
configure:5143: $? = 0
configure:5159: result: yes
configure:5116: checking for memory.h
configure:5137: gcc -c -g -O2  conftest.c >&5
configure:5143: $? = 0
configure:5159: result: yes
configure:5116: checking for strings.h
configure:5137: gcc -c -g -O2  conftest.c >&5
configure:5143: $? = 0
configure:5159: result: yes
configure:5116: checking for inttypes.h
configure:5137: gcc -c -g -O2  conftest.c >&5
configure:5143: $? = 0
configure:5159: result: yes
configure:5116: checking for stdint.h
configure:5137: gcc -c -g -O2  conftest.c >&5
configure:5143: $? = 0
configure:5159: result: yes
configure:5116: checking for unistd.h
configure:5137: gcc -c -g -O2  conftest.c >&5
configure:5143: $? = 0
configure:5159: result: yes
configure:5187: checking locale.h usability
configure:5204: gcc -c -g -O2  conftest.c >&5
configure:5210: $? = 0
configure:5224: result: yes
configure:5228: checking locale.h presence
configure:5243: gcc -E  conftest.c
configure:5249: $? = 0
configure:5263: result: yes
configure:5291: checking for locale.h
configure:5299: result: yes
configure:5313: checking for LC_MESSAGES
configure:5339: gcc -o conftest -g -O2   conftest.c  >&5
configure:5345: $? = 0
configure:5362: result: yes
configure:5391: checking libintl.h usability
configure:5408: gcc -c -g -O2  conftest.c >&5
configure:5414: $? = 0
configure:5428: result: yes
configure:5432: checking libintl.h presence
configure:5447: gcc -E  conftest.c
configure:5453: $? = 0
configure:5467: result: yes
configure:5495: checking for libintl.h
configure:5502: result: yes
configure:5513: checking for ngettext in libc
configure:5541: gcc -o conftest -g -O2   conftest.c  >&5
configure:5547: $? = 0
configure:5565: result: yes
configure:5569: checking for dgettext in libc
configure:5597: gcc -o conftest -g -O2   conftest.c  >&5
configure:5603: $? = 0
configure:5621: result: yes
configure:5630: checking for bind_textdomain_codeset
configure:5686: gcc -o conftest -g -O2   conftest.c  >&5
configure:5692: $? = 0
configure:5710: result: yes
configure:6197: checking for msgfmt
configure:6224: result: /usr/bin/msgfmt
configure:6237: checking for dcgettext
configure:6293: gcc -o conftest -g -O2   conftest.c   >&5
conftest.c:48: warning: conflicting types for built-in function 'dcgettext'
configure:6299: $? = 0
configure:6317: result: yes
configure:6328: checking if msgfmt accepts -c
configure:6343: $MSGFMT -c -o /dev/null conftest.foo
configure:6346: $? = 0
configure:6348: result: yes
configure:6358: checking for gmsgfmt
configure:6389: result: /usr/bin/msgfmt
configure:6399: checking for xgettext
configure:6426: result: /usr/bin/xgettext
configure:6455: gcc -o conftest -g -O2   conftest.c   >&5
configure:6461: $? = 0
configure:6630: checking for catalogs to be installed
configure:6655: result:  en
configure:6794: creating ./config.status

## ---------------------- ##
## Running config.status. ##
## ---------------------- ##

This file was extended by config.status, which was
generated by GNU Autoconf 2.61.  Invocation command line was

  CONFIG_FILES    = 
  CONFIG_HEADERS  = 
  CONFIG_LINKS    = 
  CONFIG_COMMANDS = 
  $ ./config.status 

on mars

config.status:674: creating Makefile
config.status:809: WARNING:  Makefile.in seems to ignore the --datarootdir setting
config.status:674: creating src/Makefile
config.status:809: WARNING:  src/Makefile.in seems to ignore the --datarootdir setting
config.status:674: creating po/Makefile.in
config.status:674: creating config.h
config.status:901: config.h is unchanged
config.status:914: executing default-1 commands
config.status:914: executing intltool commands
config.status:914: executing default-2 commands
config.status:914: executing po/stamp-it commands

## ---------------- ##
## Cache variables. ##
## ---------------- ##

ac_cv_c_compiler_gnu=yes
ac_cv_env_CC_set=
ac_cv_env_CC_value=
ac_cv_env_CFLAGS_set=
ac_cv_env_CFLAGS_value=
ac_cv_env_CPPFLAGS_set=
ac_cv_env_CPPFLAGS_value=
ac_cv_env_CPP_set=
ac_cv_env_CPP_value=
ac_cv_env_LDFLAGS_set=
ac_cv_env_LDFLAGS_value=
ac_cv_env_LIBS_set=
ac_cv_env_LIBS_value=
ac_cv_env_PACKAGE_CFLAGS_set=
ac_cv_env_PACKAGE_CFLAGS_value=
ac_cv_env_PACKAGE_LIBS_set=
ac_cv_env_PACKAGE_LIBS_value=
ac_cv_env_PKG_CONFIG_set=
ac_cv_env_PKG_CONFIG_value=
ac_cv_env_build_alias_set=
ac_cv_env_build_alias_value=
ac_cv_env_host_alias_set=
ac_cv_env_host_alias_value=
ac_cv_env_target_alias_set=
ac_cv_env_target_alias_value=
ac_cv_func_bind_textdomain_codeset=yes
ac_cv_func_dcgettext=yes
ac_cv_header_inttypes_h=yes
ac_cv_header_libintl_h=yes
ac_cv_header_locale_h=yes
ac_cv_header_memory_h=yes
ac_cv_header_stdc=yes
ac_cv_header_stdint_h=yes
ac_cv_header_stdlib_h=yes
ac_cv_header_string_h=yes
ac_cv_header_strings_h=yes
ac_cv_header_sys_stat_h=yes
ac_cv_header_sys_types_h=yes
ac_cv_header_unistd_h=yes
ac_cv_objext=o
ac_cv_path_EGREP='/bin/grep -E'
ac_cv_path_GMSGFMT=/usr/bin/msgfmt
ac_cv_path_GREP=/bin/grep
ac_cv_path_INTLTOOL_PERL=/usr/bin/perl
ac_cv_path_MSGFMT=/usr/bin/msgfmt
ac_cv_path_MSGMERGE=/usr/bin/msgmerge
ac_cv_path_XGETTEXT=/usr/bin/xgettext
ac_cv_path_ac_pt_PKG_CONFIG=/usr/bin/pkg-config
ac_cv_path_install='/usr/bin/install -c'
ac_cv_prog_CPP='gcc -E'
ac_cv_prog_ac_ct_CC=gcc
ac_cv_prog_cc_c89=
ac_cv_prog_cc_g=yes
ac_cv_prog_make_make_set=yes
ac_cv_search_strerror='none required'
am_cv_prog_cc_stdc=
am_cv_val_LC_MESSAGES=yes
gt_cv_func_dgettext_libc=yes
gt_cv_func_dgettext_libintl=no
gt_cv_func_ngettext_libc=yes
gt_cv_have_gettext=yes
pkg_cv_PACKAGE_CFLAGS='-DORBIT2=1 -pthread -I/usr/include/libgnomeui-2.0 -I/usr/include/libart-2.0 -I/usr/include/gconf/2 -I/usr/include/gnome-keyring-1 -I/usr/include/libgnome-2.0 -I/usr/include/libbonoboui-2.0 -I/usr/include/libgnomecanvas-2.0 -I/usr/include/gtk-2.0 -I/usr/include/gnome-vfs-2.0 -I/usr/lib/gnome-vfs-2.0/include -I/usr/include/orbit-2.0 -I/usr/include/glib-2.0 -I/usr/lib/glib-2.0/include -I/usr/include/libbonobo-2.0 -I/usr/include/bonobo-activation-2.0 -I/usr/include/libxml2 -I/usr/include/pango-1.0 -I/usr/include/gail-1.0 -I/usr/include/freetype2 -I/usr/include/atk-1.0 -I/usr/lib/gtk-2.0/include -I/usr/include/cairo -I/usr/include/libpng12 -I/usr/include/pixman-1 -I/usr/include/gtksourceview-1.0 -I/usr/include/libgnomeprint-2.2 -I/usr/include/gtkspell-2.0  '
pkg_cv_PACKAGE_LIBS='-pthread -lgnomeui-2 -lSM -lICE -lbonoboui-2 -lgnomevfs-2 -lgnomecanvas-2 -lgnome-2 -lpopt -lbonobo-2 -lbonobo-activation -lORBit-2 -lgconf-2 -lgthread-2.0 -lrt -lgtksourceview-1.0 -lgnomeprint-2-2 -lz -lart_lgpl_2 -lxml2 -lgtkspell -lgtk-x11-2.0 -lgdk-x11-2.0 -latk-1.0 -lgdk_pixbuf-2.0 -lm -lpangocairo-1.0 -lpango-1.0 -lcairo -lgobject-2.0 -lgmodule-2.0 -ldl -lglib-2.0  '

## ----------------- ##
## Output variables. ##
## ----------------- ##

ACLOCAL='aclocal-1.4'
ALL_LINGUAS='en'
AUTOCONF='autoconf'
AUTOHEADER='autoheader'
AUTOMAKE='automake-1.4'
CATALOGS=' en.gmo'
CATOBJEXT='.gmo'
CC='gcc'
CFLAGS='-g -O2'
CPP='gcc -E'
CPPFLAGS=''
DATADIRNAME='share'
DEFS='-DHAVE_CONFIG_H'
ECHO_C=''
ECHO_N='-n'
ECHO_T=''
EGREP='/bin/grep -E'
EXEEXT=''
GETTEXT_PACKAGE='ZMzettelkasten'
GMOFILES=' en.gmo'
GMSGFMT='/usr/bin/msgfmt'
GREP='/bin/grep'
INSTALL_DATA='${INSTALL} -m 644'
INSTALL_PROGRAM='${INSTALL}'
INSTALL_SCRIPT='${INSTALL}'
INSTOBJEXT='.mo'
INTLLIBS=''
INTLTOOL_CAVES_RULE='%.caves:     %.caves.in     $(INTLTOOL_MERGE) $(wildcard $(top_srcdir)/po/*.po) ; LC_ALL=C $(INTLTOOL_MERGE) -d -u -c $(top_builddir)/po/.intltool-merge-cache $(top_srcdir)/po $< $@'
INTLTOOL_DESKTOP_RULE='%.desktop:   %.desktop.in   $(INTLTOOL_MERGE) $(wildcard $(top_srcdir)/po/*.po) ; LC_ALL=C $(INTLTOOL_MERGE) -d -u -c $(top_builddir)/po/.intltool-merge-cache $(top_srcdir)/po $< $@'
INTLTOOL_DIRECTORY_RULE='%.directory: %.directory.in $(INTLTOOL_MERGE) $(wildcard $(top_srcdir)/po/*.po) ; LC_ALL=C $(INTLTOOL_MERGE) -d -u -c $(top_builddir)/po/.intltool-merge-cache $(top_srcdir)/po $< $@'
INTLTOOL_EXTRACT='$(top_builddir)/intltool-extract'
INTLTOOL_KBD_RULE='%.kbd:       %.kbd.in       $(INTLTOOL_MERGE) $(wildcard $(top_srcdir)/po/*.po) ; LC_ALL=C $(INTLTOOL_MERGE) -x -u -m -c $(top_builddir)/po/.intltool-merge-cache $(top_srcdir)/po $< $@'
INTLTOOL_KEYS_RULE='%.keys:      %.keys.in      $(INTLTOOL_MERGE) $(wildcard $(top_srcdir)/po/*.po) ; LC_ALL=C $(INTLTOOL_MERGE) -k -u -c $(top_builddir)/po/.intltool-merge-cache $(top_srcdir)/po $< $@'
INTLTOOL_MERGE='$(top_builddir)/intltool-merge'
INTLTOOL_OAF_RULE='%.oaf:       %.oaf.in       $(INTLTOOL_MERGE) $(wildcard $(top_srcdir)/po/*.po) ; LC_ALL=C $(INTLTOOL_MERGE) -o -p $(top_srcdir)/po $< $@'
INTLTOOL_PERL='/usr/bin/perl'
INTLTOOL_POLICY_RULE='%.policy:    %.policy.in    $(INTLTOOL_MERGE) $(wildcard $(top_srcdir)/po/*.po) ; LC_ALL=C $(INTLTOOL_MERGE) -x -u -c $(top_builddir)/po/.intltool-merge-cache $(top_srcdir)/po $< $@'
INTLTOOL_PONG_RULE='%.pong:      %.pong.in      $(INTLTOOL_MERGE) $(wildcard $(top_srcdir)/po/*.po) ; LC_ALL=C $(INTLTOOL_MERGE) -x -u -c $(top_builddir)/po/.intltool-merge-cache $(top_srcdir)/po $< $@'
INTLTOOL_PROP_RULE='%.prop:      %.prop.in      $(INTLTOOL_MERGE) $(wildcard $(top_srcdir)/po/*.po) ; LC_ALL=C $(INTLTOOL_MERGE) -d -u -c $(top_builddir)/po/.intltool-merge-cache $(top_srcdir)/po $< $@'
INTLTOOL_SCHEMAS_RULE='%.schemas:   %.schemas.in   $(INTLTOOL_MERGE) $(wildcard $(top_srcdir)/po/*.po) ; LC_ALL=C $(INTLTOOL_MERGE) -s -u -c $(top_builddir)/po/.intltool-merge-cache $(top_srcdir)/po $< $@'
INTLTOOL_SERVER_RULE='%.server:    %.server.in    $(INTLTOOL_MERGE) $(wildcard $(top_srcdir)/po/*.po) ; LC_ALL=C $(INTLTOOL_MERGE) -o -u -c $(top_builddir)/po/.intltool-merge-cache $(top_srcdir)/po $< $@'
INTLTOOL_SERVICE_RULE='%.service: %.service.in   $(INTLTOOL_MERGE) $(wildcard $(top_srcdir)/po/*.po) ; LC_ALL=C $(INTLTOOL_MERGE) -d -u -c $(top_builddir)/po/.intltool-merge-cache $(top_srcdir)/po $< $@'
INTLTOOL_SHEET_RULE='%.sheet:     %.sheet.in     $(INTLTOOL_MERGE) $(wildcard $(top_srcdir)/po/*.po) ; LC_ALL=C $(INTLTOOL_MERGE) -x -u -c $(top_builddir)/po/.intltool-merge-cache $(top_srcdir)/po $< $@'
INTLTOOL_SOUNDLIST_RULE='%.soundlist: %.soundlist.in $(INTLTOOL_MERGE) $(wildcard $(top_srcdir)/po/*.po) ; LC_ALL=C $(INTLTOOL_MERGE) -d -u -c $(top_builddir)/po/.intltool-merge-cache $(top_srcdir)/po $< $@'
INTLTOOL_THEME_RULE='%.theme:     %.theme.in     $(INTLTOOL_MERGE) $(wildcard $(top_srcdir)/po/*.po) ; LC_ALL=C $(INTLTOOL_MERGE) -d -u -c $(top_builddir)/po/.intltool-merge-cache $(top_srcdir)/po $< $@'
INTLTOOL_UI_RULE='%.ui:        %.ui.in        $(INTLTOOL_MERGE) $(wildcard $(top_srcdir)/po/*.po) ; LC_ALL=C $(INTLTOOL_MERGE) -x -u -c $(top_builddir)/po/.intltool-merge-cache $(top_srcdir)/po $< $@'
INTLTOOL_UPDATE='$(top_builddir)/intltool-update'
INTLTOOL_XAM_RULE='%.xam:       %.xml.in       $(INTLTOOL_MERGE) $(wildcard $(top_srcdir)/po/*.po) ; LC_ALL=C $(INTLTOOL_MERGE) -x -u -c $(top_builddir)/po/.intltool-merge-cache $(top_srcdir)/po $< $@'
INTLTOOL_XML_NOMERGE_RULE='%.xml:       %.xml.in       $(INTLTOOL_MERGE) ; LC_ALL=C $(INTLTOOL_MERGE) -x -u /tmp $< $@'
INTLTOOL_XML_RULE='%.xml:       %.xml.in       $(INTLTOOL_MERGE) $(wildcard $(top_srcdir)/po/*.po) ; LC_ALL=C $(INTLTOOL_MERGE) -x -u -c $(top_builddir)/po/.intltool-merge-cache $(top_srcdir)/po $< $@'
LDFLAGS=''
LIBOBJS=''
LIBS=''
LTLIBOBJS=''
MAINT=''
MAINTAINER_MODE_FALSE='#'
MAINTAINER_MODE_TRUE=''
MAKEINFO='/home/bernd/Projekte/ZMzettelkasten2/missing makeinfo'
MKINSTALLDIRS='./mkinstalldirs'
MSGFMT='/usr/bin/msgfmt'
MSGFMT_OPTS='-c'
MSGMERGE='/usr/bin/msgmerge'
OBJEXT='o'
PACKAGE='ZMzettelkasten'
PACKAGE_BUGREPORT=''
PACKAGE_CFLAGS='-DORBIT2=1 -pthread -I/usr/include/libgnomeui-2.0 -I/usr/include/libart-2.0 -I/usr/include/gconf/2 -I/usr/include/gnome-keyring-1 -I/usr/include/libgnome-2.0 -I/usr/include/libbonoboui-2.0 -I/usr/include/libgnomecanvas-2.0 -I/usr/include/gtk-2.0 -I/usr/include/gnome-vfs-2.0 -I/usr/lib/gnome-vfs-2.0/include -I/usr/include/orbit-2.0 -I/usr/include/glib-2.0 -I/usr/lib/glib-2.0/include -I/usr/include/libbonobo-2.0 -I/usr/include/bonobo-activation-2.0 -I/usr/include/libxml2 -I/usr/include/pango-1.0 -I/usr/include/gail-1.0 -I/usr/include/freetype2 -I/usr/include/atk-1.0 -I/usr/lib/gtk-2.0/include -I/usr/include/cairo -I/usr/include/libpng12 -I/usr/include/pixman-1 -I/usr/include/gtksourceview-1.0 -I/usr/include/libgnomeprint-2.2 -I/usr/include/gtkspell-2.0  '
PACKAGE_LIBS='-pthread -lgnomeui-2 -lSM -lICE -lbonoboui-2 -lgnomevfs-2 -lgnomecanvas-2 -lgnome-2 -lpopt -lbonobo-2 -lbonobo-activation -lORBit-2 -lgconf-2 -lgthread-2.0 -lrt -lgtksourceview-1.0 -lgnomeprint-2-2 -lz -lart_lgpl_2 -lxml2 -lgtkspell -lgtk-x11-2.0 -lgdk-x11-2.0 -latk-1.0 -lgdk_pixbuf-2.0 -lm -lpangocairo-1.0 -lpango-1.0 -lcairo -lgobject-2.0 -lgmodule-2.0 -ldl -lglib-2.0  '
PACKAGE_NAME=''
PACKAGE_STRING=''
PACKAGE_TARNAME=''
PACKAGE_VERSION=''
PATH_SEPARATOR=':'
PKG_CONFIG='/usr/bin/pkg-config'
POFILES=' en.po'
POSUB='po'
PO_IN_DATADIR_FALSE=''
PO_IN_DATADIR_TRUE=''
SET_MAKE=''
SHELL='/bin/bash'
USE_NLS='yes'
VERSION='0.1'
XGETTEXT='/usr/bin/xgettext'
ac_ct_CC='gcc'
bindir='${exec_prefix}/bin'
build_alias=''
datadir='${datarootdir}'
datarootdir='${prefix}/share'
docdir='${datarootdir}/doc/${PACKAGE}'
dvidir='${docdir}'
exec_prefix='${prefix}'
host_alias=''
htmldir='${docdir}'
includedir='${prefix}/include'
infodir='${datarootdir}/info'
libdir='${exec_prefix}/lib'
libexecdir='${exec_prefix}/libexec'
localedir='${datarootdir}/locale'
localstatedir='${prefix}/var'
mandir='${datarootdir}/man'
oldincludedir='/usr/include'
pdfdir='${docdir}'
prefix='/usr/local'
program_transform_name='s,x,x,'
psdir='${docdir}'
sbindir='${exec_prefix}/sbin'
sharedstatedir='${prefix}/com'
sysconfdir='${prefix}/etc'
target_alias=''

## ----------- ##
## confdefs.h. ##
## ----------- ##

#define PACKAGE_NAME ""
#define PACKAGE_TARNAME ""
#define PACKAGE_VERSION ""
#define PACKAGE_STRING ""
#define PACKAGE_BUGREPORT ""
#define PACKAGE "ZMzettelkasten"
#define VERSION "0.1"
#define STDC_HEADERS 1
#define GETTEXT_PACKAGE "ZMzettelkasten"
#define HAVE_SYS_TYPES_H 1
#define HAVE_SYS_STAT_H 1
#define HAVE_STDLIB_H 1
#define HAVE_STRING_H 1
#define HAVE_MEMORY_H 1
#define HAVE_STRINGS_H 1
#define HAVE_INTTYPES_H 1
#define HAVE_STDINT_H 1
#define HAVE_UNISTD_H 1
#define HAVE_LOCALE_H 1
#define HAVE_LC_MESSAGES 1
#define HAVE_BIND_TEXTDOMAIN_CODESET 1
#define HAVE_GETTEXT 1
#define HAVE_DCGETTEXT 1
#define ENABLE_NLS 1

configure: exit 0
